0 info it worked if it ends with ok
1 verbose cli [ '/usr/bin/node', '/usr/bin/npm', 'publish' ]
2 info using npm@1.3.21
3 info using node@v0.10.24
4 verbose publish [ '.' ]
5 verbose cache add [ '.', null ]
6 verbose cache add name=undefined spec="." args=[".",null]
7 verbose parsed url { protocol: null,
7 verbose parsed url   slashes: null,
7 verbose parsed url   auth: null,
7 verbose parsed url   host: null,
7 verbose parsed url   port: null,
7 verbose parsed url   hostname: null,
7 verbose parsed url   hash: null,
7 verbose parsed url   search: null,
7 verbose parsed url   query: null,
7 verbose parsed url   pathname: '.',
7 verbose parsed url   path: '.',
7 verbose parsed url   href: '.' }
8 silly lockFile 3a52ce78- .
9 verbose lock . /home/gnomedev/.npm/3a52ce78-.lock
10 verbose tar pack [ '/home/gnomedev/tmp/npm-22920-oC195V_p/1396765003067-0.21692770486697555/tmp.tgz',
10 verbose tar pack   '.' ]
11 verbose tarball /home/gnomedev/tmp/npm-22920-oC195V_p/1396765003067-0.21692770486697555/tmp.tgz
12 verbose folder .
13 info prepublish googlerest@0.0.13
14 silly lockFile 1f1177db-tar tar://.
15 verbose lock tar://. /home/gnomedev/.npm/1f1177db-tar.lock
16 silly lockFile f2a66c3c-3067-0-21692770486697555-tmp-tgz tar:///home/gnomedev/tmp/npm-22920-oC195V_p/1396765003067-0.21692770486697555/tmp.tgz
17 verbose lock tar:///home/gnomedev/tmp/npm-22920-oC195V_p/1396765003067-0.21692770486697555/tmp.tgz /home/gnomedev/.npm/f2a66c3c-3067-0-21692770486697555-tmp-tgz.lock
18 silly lockFile 1f1177db-tar tar://.
19 silly lockFile 1f1177db-tar tar://.
20 silly lockFile f2a66c3c-3067-0-21692770486697555-tmp-tgz tar:///home/gnomedev/tmp/npm-22920-oC195V_p/1396765003067-0.21692770486697555/tmp.tgz
21 silly lockFile f2a66c3c-3067-0-21692770486697555-tmp-tgz tar:///home/gnomedev/tmp/npm-22920-oC195V_p/1396765003067-0.21692770486697555/tmp.tgz
22 verbose tar unpack /home/gnomedev/tmp/npm-22920-oC195V_p/1396765003067-0.21692770486697555/tmp.tgz
23 silly lockFile 3e3c87bf-3067-0-21692770486697555-package tar:///home/gnomedev/tmp/npm-22920-oC195V_p/1396765003067-0.21692770486697555/package
24 verbose lock tar:///home/gnomedev/tmp/npm-22920-oC195V_p/1396765003067-0.21692770486697555/package /home/gnomedev/.npm/3e3c87bf-3067-0-21692770486697555-package.lock
25 silly lockFile f2a66c3c-3067-0-21692770486697555-tmp-tgz tar:///home/gnomedev/tmp/npm-22920-oC195V_p/1396765003067-0.21692770486697555/tmp.tgz
26 verbose lock tar:///home/gnomedev/tmp/npm-22920-oC195V_p/1396765003067-0.21692770486697555/tmp.tgz /home/gnomedev/.npm/f2a66c3c-3067-0-21692770486697555-tmp-tgz.lock
27 silly gunzTarPerm modes [ '755', '644' ]
28 silly gunzTarPerm extractEntry package.json
29 silly gunzTarPerm modified mode [ 'package.json', 436, 420 ]
30 silly gunzTarPerm extractEntry README.md
31 silly gunzTarPerm modified mode [ 'README.md', 436, 420 ]
32 silly gunzTarPerm extractEntry example/googleresttest.js
33 silly gunzTarPerm modified mode [ 'example/googleresttest.js', 436, 420 ]
34 silly gunzTarPerm extractEntry lib/googlerest.js
35 silly gunzTarPerm modified mode [ 'lib/googlerest.js', 436, 420 ]
36 silly lockFile 3e3c87bf-3067-0-21692770486697555-package tar:///home/gnomedev/tmp/npm-22920-oC195V_p/1396765003067-0.21692770486697555/package
37 silly lockFile 3e3c87bf-3067-0-21692770486697555-package tar:///home/gnomedev/tmp/npm-22920-oC195V_p/1396765003067-0.21692770486697555/package
38 silly lockFile f2a66c3c-3067-0-21692770486697555-tmp-tgz tar:///home/gnomedev/tmp/npm-22920-oC195V_p/1396765003067-0.21692770486697555/tmp.tgz
39 silly lockFile f2a66c3c-3067-0-21692770486697555-tmp-tgz tar:///home/gnomedev/tmp/npm-22920-oC195V_p/1396765003067-0.21692770486697555/tmp.tgz
40 verbose tar pack [ '/home/gnomedev/.npm/googlerest/0.0.13/package.tgz',
40 verbose tar pack   '/home/gnomedev/tmp/npm-22920-oC195V_p/1396765003067-0.21692770486697555/package' ]
41 verbose tarball /home/gnomedev/.npm/googlerest/0.0.13/package.tgz
42 verbose folder /home/gnomedev/tmp/npm-22920-oC195V_p/1396765003067-0.21692770486697555/package
43 silly lockFile 3e3c87bf-3067-0-21692770486697555-package tar:///home/gnomedev/tmp/npm-22920-oC195V_p/1396765003067-0.21692770486697555/package
44 verbose lock tar:///home/gnomedev/tmp/npm-22920-oC195V_p/1396765003067-0.21692770486697555/package /home/gnomedev/.npm/3e3c87bf-3067-0-21692770486697555-package.lock
45 silly lockFile 47ca527b-pm-googlerest-0-0-13-package-tgz tar:///home/gnomedev/.npm/googlerest/0.0.13/package.tgz
46 verbose lock tar:///home/gnomedev/.npm/googlerest/0.0.13/package.tgz /home/gnomedev/.npm/47ca527b-pm-googlerest-0-0-13-package-tgz.lock
47 silly lockFile 3e3c87bf-3067-0-21692770486697555-package tar:///home/gnomedev/tmp/npm-22920-oC195V_p/1396765003067-0.21692770486697555/package
48 silly lockFile 3e3c87bf-3067-0-21692770486697555-package tar:///home/gnomedev/tmp/npm-22920-oC195V_p/1396765003067-0.21692770486697555/package
49 silly lockFile 47ca527b-pm-googlerest-0-0-13-package-tgz tar:///home/gnomedev/.npm/googlerest/0.0.13/package.tgz
50 silly lockFile 47ca527b-pm-googlerest-0-0-13-package-tgz tar:///home/gnomedev/.npm/googlerest/0.0.13/package.tgz
51 silly lockFile 8785fdb6-ev-npm-googlerest-0-0-13-package /home/gnomedev/.npm/googlerest/0.0.13/package
52 verbose lock /home/gnomedev/.npm/googlerest/0.0.13/package /home/gnomedev/.npm/8785fdb6-ev-npm-googlerest-0-0-13-package.lock
53 silly lockFile 8785fdb6-ev-npm-googlerest-0-0-13-package /home/gnomedev/.npm/googlerest/0.0.13/package
54 silly lockFile 8785fdb6-ev-npm-googlerest-0-0-13-package /home/gnomedev/.npm/googlerest/0.0.13/package
55 verbose tar unpack /home/gnomedev/.npm/googlerest/0.0.13/package.tgz
56 silly lockFile cf2592e9-ev-npm-googlerest-0-0-13-package tar:///home/gnomedev/.npm/googlerest/0.0.13/package
57 verbose lock tar:///home/gnomedev/.npm/googlerest/0.0.13/package /home/gnomedev/.npm/cf2592e9-ev-npm-googlerest-0-0-13-package.lock
58 silly lockFile 47ca527b-pm-googlerest-0-0-13-package-tgz tar:///home/gnomedev/.npm/googlerest/0.0.13/package.tgz
59 verbose lock tar:///home/gnomedev/.npm/googlerest/0.0.13/package.tgz /home/gnomedev/.npm/47ca527b-pm-googlerest-0-0-13-package-tgz.lock
60 silly gunzTarPerm modes [ '755', '644' ]
61 silly gunzTarPerm extractEntry package.json
62 silly gunzTarPerm extractEntry README.md
63 silly gunzTarPerm extractEntry example/googleresttest.js
64 silly gunzTarPerm extractEntry lib/googlerest.js
65 silly lockFile cf2592e9-ev-npm-googlerest-0-0-13-package tar:///home/gnomedev/.npm/googlerest/0.0.13/package
66 silly lockFile cf2592e9-ev-npm-googlerest-0-0-13-package tar:///home/gnomedev/.npm/googlerest/0.0.13/package
67 silly lockFile 47ca527b-pm-googlerest-0-0-13-package-tgz tar:///home/gnomedev/.npm/googlerest/0.0.13/package.tgz
68 silly lockFile 47ca527b-pm-googlerest-0-0-13-package-tgz tar:///home/gnomedev/.npm/googlerest/0.0.13/package.tgz
69 verbose chmod /home/gnomedev/.npm/googlerest/0.0.13/package.tgz 644
70 verbose chown /home/gnomedev/.npm/googlerest/0.0.13/package.tgz [ 1003, 1003 ]
71 silly lockFile 3a52ce78- .
72 silly lockFile 3a52ce78- .
73 silly publish { name: 'googlerest',
73 silly publish   version: '0.0.13',
73 silly publish   description: 'wrapper around google api',
73 silly publish   main: './lib/googlerest',
73 silly publish   directories: { example: 'example' },
73 silly publish   dependencies: { tunnel: '*' },
73 silly publish   repository: { type: 'git', url: 'https://github.com/mohan43u/googlerest' },
73 silly publish   keywords: [ 'google', 'rest' ],
73 silly publish   author:
73 silly publish    { name: 'Mohan R',
73 silly publish      email: 'mohan43u@gmail.com',
73 silly publish      url: 'http://mohan43u.wordpress.com' },
73 silly publish   license: 'BSD-2-Clause',
73 silly publish   bugs: { url: 'https://github.com/mohan43u/googlerest/issues' },
73 silly publish   homepage: 'https://github.com/mohan43u/googlerest',
73 silly publish   readme: '### GoogleRest\n\nA simple wrapper around google REST api\n\n### Options\n\n* `google_client_id` registered google app\'s client_id (default: 137500406659-cubikdgci0v2t65obo09n8q5bpj3iooh.apps.googleusercontent.com)\n* `google_client_secret` registered google app\'s client_secret (default: tMWazNthbpjrB-_9x2h1aoy2)\n* `google_redirect_uri` redirect url registered with google app (default: http://localhost:3000/google/authorized)\n* `google_scope` scope for accessing various services (default: https://www.googleapis.com/auth/drive)\n* `google_tokens` google app\'s access_token (if null, user\'s will be redirected to google) (default: null)\n* `google_protocol` protocol to use to connect to google (default: https)\n* `google_apis_host` hostname to use to connect to google (default: www.googleapis.com)\n* `google_oauth2_host` hostname to use to connect to google for oauth2 (default: accounts.google.com)\n* `google_oauth2_authorize_uri` Oauth2 authorize uri specified in google api (default: /o/oauth2/auth)\n* `google_oauth2_access_token_uri` Oauth2 access_token url specified in google api (default: /o/oauth2/token)\n* `proxy` if behind firewall http_proxy value to use (default: taken from \'http_proxy\' environment variable)\n\n### Example\n\nSee https://github.com/mohan43u/googlerest/blob/master/example/googleresttest.js',
73 silly publish   readmeFilename: 'README.md',
73 silly publish   _id: 'googlerest@0.0.13',
73 silly publish   dist: { shasum: 'fbbaa99fcbfcc6b4f7a93251f49e02a82071481f' },
73 silly publish   _from: '.' }
74 verbose url raw googlerest
75 verbose url resolving [ 'https://registry.npmjs.org/', './googlerest' ]
76 verbose url resolved https://registry.npmjs.org/googlerest
77 info trying registry request attempt 1 at 11:46:43
78 http PUT https://registry.npmjs.org/googlerest
79 http 403 https://registry.npmjs.org/googlerest
80 info trying registry request attempt 1 at 11:46:50
81 http PUT https://registry.npmjs.org/googlerest
82 http 403 https://registry.npmjs.org/googlerest
83 error publish Failed PUT 403
84 error Error: forbidden cannot modify pre-existing version: 0.0.13
84 error old={"name":"googlerest","version":"0.0.13","description":"wrapper around google api","main":"./lib/googlerest","directories":{"example":"example"},"dependencies":{"tunnel":"*"},"repository":{"type":"git","url":"https://github.com/mohan43u/googlerest"},"keywords":["google","rest"],"author":{"name":"Mohan R","email":"mohan43u@gmail.com","url":"http://mohan43u.wordpress.com"},"license":"BSD-2-Clause","bugs":{"url":"https://github.com/mohan43u/googlerest/issues"},"homepage":"https://github.com/mohan43u/googlerest","_id":"googlerest@0.0.13","dist":{"shasum":"fbbaa99fcbfcc6b4f7a93251f49e02a82071481f","tarball":"http://registry.npmjs.org/googlerest/-/googlerest-0.0.13.tgz"},"_from":".","_npmVersion":"1.3.21","_npmUser":{"name":"mohan43u","email":"mohan43u@gmail.com"},"maintainers":[{"name":"mohan43u","email":"mohan43u@gmail.com"}]}
84 error new={"name":"googlerest","version":"0.0.13","description":"wrapper around google api","main":"./lib/googlerest","directories":{"example":"example"},"dependencies":{"tunnel":"*"},"repository":{"type":"git","url":"https://github.com/mohan43u/googlerest"},"keywords":["google","rest"],"author":{"name":"Mohan R","email":"mohan43u@gmail.com","url":"http://mohan43u.wordpress.com"},"license":"BSD-2-Clause","bugs":{"url":"https://github.com/mohan43u/googlerest/issues"},"homepage":"https://github.com/mohan43u/googlerest","readme":"### GoogleRest\u000a\u000aA simple wrapper around google REST api\u000a\u000a### Options\u000a\u000a* `google_client_id` registered google app's client_id (default: 137500406659-cubikdgci0v2t65obo09n8q5bpj3iooh.apps.googleusercontent.com)\u000a* `google_client_secret` registered google app's client_secret (default: tMWazNthbpjrB-_9x2h1aoy2)\u000a* `google_redirect_uri` redirect url registered with google app (default: http://localhost:3000/google/authorized)\u000a* `google_scope` scope for accessing various services (default: https://www.googleapis.com/auth/drive)\u000a* `google_tokens` google app's access_token (if null, user's will be redirected to google) (default: null)\u000a* `google_protocol` protocol to use to connect to google (default: https)\u000a* `google_apis_host` hostname to use to connect to google (default: www.googleapis.com)\u000a* `google_oauth2_host` hostname to use to connect to google for oauth2 (default: accounts.google.com)\u000a* `google_oauth2_authorize_uri` Oauth2 authorize uri specified in google api (default: /o/oauth2/auth)\u000a* `google_oauth2_access_token_uri` Oauth2 access_token url specified in google api (default: /o/oauth2/token)\u000a* `proxy` if behind firewall http_proxy value to use (default: taken from 'http_proxy' environment variable)\u000a\u000a### Example\u000a\u000aSee https://github.com/mohan43u/googlerest/blob/master/example/googleresttest.js","readmeFilename":"README.md","_id":"googlerest@0.0.13","dist":{"shasum":"fbbaa99fcbfcc6b4f7a93251f49e02a82071481f","tarball":"http://registry.npmjs.org/googlerest/-/googlerest-0.0.13.tgz"},"_from":".","_npmVersion":"1.3.21","_npmUser":{"name":"mohan43u","email":"mohan43u@gmail.com"},"maintainers":[{"name":"mohan43u","email":"mohan43u@gmail.com"}]}: googlerest
84 error     at RegClient.<anonymous> (/usr/lib64/node_modules/npm/node_modules/npm-registry-client/lib/request.js:275:14)
84 error     at Request.self.callback (/usr/lib64/node_modules/npm/node_modules/request/request.js:123:22)
84 error     at Request.EventEmitter.emit (events.js:98:17)
84 error     at Request.<anonymous> (/usr/lib64/node_modules/npm/node_modules/request/request.js:893:14)
84 error     at Request.EventEmitter.emit (events.js:117:20)
84 error     at IncomingMessage.<anonymous> (/usr/lib64/node_modules/npm/node_modules/request/request.js:844:12)
84 error     at IncomingMessage.EventEmitter.emit (events.js:117:20)
84 error     at _stream_readable.js:920:16
84 error     at process._tickCallback (node.js:415:13)
85 error If you need help, you may report this *entire* log,
85 error including the npm and node versions, at:
85 error     <http://github.com/isaacs/npm/issues>
86 error System Linux 3.12.0-sabayon
87 error command "/usr/bin/node" "/usr/bin/npm" "publish"
88 error cwd /home/gnomedev/Devel/node/googlerest
89 error node -v v0.10.24
90 error npm -v 1.3.21
91 verbose exit [ 1, true ]
